<?xml version="1.0" encoding="UTF-8"?>
<testng-results ignored="0" total="2" passed="2" failed="0" skipped="0">
  <reporter-output>
  </reporter-output>
  <suite started-at="2022-07-07T02:45:48 EEST" name="Student Test Suite" finished-at="2022-07-07T02:45:54 EEST" duration-ms="6548">
    <groups>
    </groups>
    <test started-at="2022-07-07T02:45:48 EEST" name="Admit New Student With EID - Send For Approval" finished-at="2022-07-07T02:45:54 EEST" duration-ms="6548">
      <class name="Beyon.Command.Cases.TC01_EdgeCase_RidgeModel">
        <test-method signature="getImage(java.lang.String)[pri:0, instance:Beyon.Command.Cases.TC01_EdgeCase_RidgeModel@3deb2326]" started-at="2022-07-07T02:45:48 EEST" name="getImage" description="get latest image test  " finished-at="2022-07-07T02:45:51 EEST" duration-ms="3492" status="PASS">
          <params>
            <param index="0">
              <value>
                <![CDATA[CmdTest0]]>
              </value>
            </param>
          </params>
          <reporter-output>
          </reporter-output>
        </test-method> <!-- getImage -->
        <test-method signature="getLatestImage(java.lang.String)[pri:0, instance:Beyon.Command.Cases.TC01_EdgeCase_RidgeModel@3deb2326]" started-at="2022-07-07T02:45:51 EEST" name="getLatestImage" description="get latest image test  " finished-at="2022-07-07T02:45:54 EEST" duration-ms="3013" status="PASS">
          <params>
            <param index="0">
              <value>
                <![CDATA[getLatest_Image]]>
              </value>
            </param>
          </params>
          <reporter-output>
          </reporter-output>
        </test-method> <!-- getLatestImage -->
      </class> <!-- Beyon.Command.Cases.TC01_EdgeCase_RidgeModel -->
    </test> <!-- Admit New Student With EID - Send For Approval -->
  </suite> <!-- Student Test Suite -->
</testng-results>
