<?xml version="1.0" encoding="UTF-8"?>
<testsuite xmlns:xsi="http://www.w3.org/2001/XMLSchema-instance" xsi:noNamespaceSchemaLocation="https://maven.apache.org/surefire/maven-surefire-plugin/xsd/surefire-test-report.xsd" name="TestSuite" time="26.893" tests="2" errors="0" skipped="0" failures="0">
  <properties>
[...]
</properties>
  <testcase name="getLatestImage" classname="Beyon.Command.Cases.TC02_InitializeStudyFolder_makeFeature" time="2.709"/>
  <testcase name="initialise_Study" classname="Beyon.Command.Cases.TC02_InitializeStudyFolder_makeFeature" time="22.054"/>
</testsuite>