<?xml version="1.0" encoding="UTF-8"?>
<testsuite xmlns:xsi="http://www.w3.org/2001/XMLSchema-instance" xsi:noNamespaceSchemaLocation="https://maven.apache.org/surefire/maven-surefire-plugin/xsd/surefire-test-report.xsd" name="TestSuite" time="4.293" tests="2" errors="0" skipped="0" failures="0">
  <properties>
[...]
</properties>
  <testcase name="testHadeel" classname="Beyon.Command.Cases.TC01_EdgeCase_RidgeModel" time="0.444"/>
  <testcase name="test2" classname="Beyon.Command.Cases.TC01_EdgeCase_RidgeModel" time="0.062"/>
</testsuite>