<?xml version="1.0" encoding="UTF-8"?>
<testng-results ignored="4" total="6" passed="2" failed="0" skipped="0">
  <reporter-output>
  </reporter-output>
  <suite started-at="2022-07-14T00:26:50 EEST" name="Student Test Suite" finished-at="2022-07-14T00:27:15 EEST" duration-ms="24819">
    <groups>
      <group name="smoke">
        <method signature="TC02_InitializeStudyFolder_makeFeature.getLatestImage()[pri:0, instance:Beyon.Command.Cases.TC02_InitializeStudyFolder_makeFeature@bc57b40]" name="getLatestImage" class="Beyon.Command.Cases.TC02_InitializeStudyFolder_makeFeature"/>
        <method signature="TC02_InitializeStudyFolder_makeFeature.initialise_Study()[pri:1, instance:Beyon.Command.Cases.TC02_InitializeStudyFolder_makeFeature@bc57b40]" name="initialise_Study" class="Beyon.Command.Cases.TC02_InitializeStudyFolder_makeFeature"/>
      </group> <!-- smoke -->
    </groups>
    <test started-at="2022-07-14T00:26:50 EEST" name="TC02_InitializeStudyFolder_makeFeature " finished-at="2022-07-14T00:27:15 EEST" duration-ms="24819">
      <class name="Beyon.Command.Cases.TC02_InitializeStudyFolder_makeFeature">
        <test-method signature="getLatestImage()[pri:0, instance:Beyon.Command.Cases.TC02_InitializeStudyFolder_makeFeature@bc57b40]" started-at="2022-07-14T00:26:50 EEST" name="getLatestImage" description="get latest image from docker file  " finished-at="2022-07-14T00:26:53 EEST" duration-ms="2705" status="PASS">
          <reporter-output>
          </reporter-output>
        </test-method> <!-- getLatestImage -->
        <test-method signature="initialise_Study()[pri:1, instance:Beyon.Command.Cases.TC02_InitializeStudyFolder_makeFeature@bc57b40]" started-at="2022-07-14T00:26:53 EEST" name="initialise_Study" description="Execute initialize study command  " finished-at="2022-07-14T00:27:15 EEST" duration-ms="22054" status="PASS">
          <reporter-output>
          </reporter-output>
        </test-method> <!-- initialise_Study -->
      </class> <!-- Beyon.Command.Cases.TC02_InitializeStudyFolder_makeFeature -->
    </test> <!-- TC02_InitializeStudyFolder_makeFeature  -->
  </suite> <!-- Student Test Suite -->
</testng-results>
