<?xml version="1.0" encoding="UTF-8"?>
<!-- Generated by org.testng.reporters.JUnitXMLReporter -->
<testsuite ignored="0" hostname="hadeel-salamehs-macbook-pro.home" failures="0" tests="2" name="Admit New Student With EID - Send For Approval" time="0.533" errors="0" timestamp="2022-07-03T21:37:11 EEST">
  <testcase classname="Beyon.Command.Cases.TC01_EdgeCase_RidgeModel" name="testHadeel" time="0.443"/>
  <testcase classname="Beyon.Command.Cases.TC01_EdgeCase_RidgeModel" name="test2" time="0.061"/>
</testsuite> <!-- Admit New Student With EID - Send For Approval -->
