<?xml version="1.0" encoding="UTF-8"?>
<!-- Generated by org.testng.reporters.JUnitXMLReporter -->
<testsuite ignored="0" hostname="Hadeel-Salamehs-MacBook-Pro.local" failures="0" tests="2" name="Admit New Student With EID - Send For Approval" time="6.548" errors="0" timestamp="2022-07-07T02:45:54 EEST">
  <testcase classname="Beyon.Command.Cases.TC01_EdgeCase_RidgeModel" name="getImage" time="3.492"/>
  <testcase classname="Beyon.Command.Cases.TC01_EdgeCase_RidgeModel" name="getLatestImage" time="3.013"/>
</testsuite> <!-- Admit New Student With EID - Send For Approval -->
