<?xml version="1.0" encoding="UTF-8"?>
<!-- Generated by org.testng.reporters.JUnitXMLReporter -->
<testsuite ignored="0" hostname="Hadeel-Salamehs-MacBook-Pro.local" failures="0" tests="7" name="Initialize and create study test  " time="1377.535" errors="0" timestamp="2022-07-14T15:14:05 EEST">
  <testcase classname="Beyon.Command.Cases.IniliazeAndCreateStudyTest.TC001_GetLatestImageFromDockerFile" name="getLatestImage" time="2.862"/>
  <testcase classname="Beyon.Command.Cases.IniliazeAndCreateStudyTest.TC002_ExecuteInitializeStudyCommand" name="initialise_Study" time="22.127"/>
  <testcase classname="Beyon.Command.Cases.IniliazeAndCreateStudyTest.TC003_VerifyThatStudyFolderCreated" name="verifyStudyFolder" time="3.025"/>
  <testcase classname="Beyon.Command.Cases.IniliazeAndCreateStudyTest.TC004_CopyDatasetFromNASDrive" name="copyFile" time="1.587"/>
  <testcase classname="Beyon.Command.Cases.IniliazeAndCreateStudyTest.TC005_ExecuteMakeFeatureCommand" name="execute_MakeFeature" time="1320.508"/>
  <testcase classname="Beyon.Command.Cases.IniliazeAndCreateStudyTest.TC006_ExecuteCreateStudyCommand" name="execute_CreateStudy" time="22.257"/>
  <testcase classname="Beyon.Command.Cases.IniliazeAndCreateStudyTest.TC007_DeleteTheCreatedStudyFolder" name="deleteFile" time="5.081"/>
</testsuite> <!-- Initialize and create study test   -->
